app/build/intermediates/manifest_merge_blame_file/debug/manifest-merger-blame-debug-report.txt
1<?xml version="1.0" encoding="utf-8"?>
2<manifest xmlns:android="http://schemas.android.com/apk/res/android"
3    package="ddwu.com.mobile.anylearn2"
4    android:versionCode="1"
5    android:versionName="1.0" >
6
7    <uses-sdk
8        android:minSdkVersion="24"
8-->src\main\AndroidManifest.xml
9        android:targetSdkVersion="33" />
9-->src\main\AndroidManifest.xml
10
11    <permission
11-->[androidx.core:core:1.9.0] AndroidManifest.xml:22:5-24:47
12        android:name="ddwu.com.mobile.anylearn2.DYNAMIC_RECEIVER_NOT_EXPORTED_PERMISSION"
12-->[androidx.core:core:1.9.0] AndroidManifest.xml:23:9-81
13        android:protectionLevel="signature" />
13-->[androidx.core:core:1.9.0] AndroidManifest.xml:24:9-44
14
15    <uses-permission android:name="ddwu.com.mobile.anylearn2.DYNAMIC_RECEIVER_NOT_EXPORTED_PERMISSION" />
15-->[androidx.core:core:1.9.0] AndroidManifest.xml:26:5-97
15-->[androidx.core:core:1.9.0] AndroidManifest.xml:26:22-94
16
17    <application
17-->src\main\AndroidManifest.xml:5:5-84:19
18        android:allowBackup="true"
18-->src\main\AndroidManifest.xml:6:9-35
19        android:appComponentFactory="androidx.core.app.CoreComponentFactory"
19-->[androidx.core:core:1.9.0] AndroidManifest.xml:28:18-86
20        android:dataExtractionRules="@xml/data_extraction_rules"
20-->src\main\AndroidManifest.xml:7:9-65
21        android:debuggable="true"
22        android:extractNativeLibs="false"
23        android:fullBackupContent="@xml/backup_rules"
23-->src\main\AndroidManifest.xml:8:9-54
24        android:icon="@mipmap/ic_launcher"
24-->src\main\AndroidManifest.xml:9:9-43
25        android:label="@string/app_name"
25-->src\main\AndroidManifest.xml:10:9-41
26        android:supportsRtl="true"
26-->src\main\AndroidManifest.xml:11:9-35
27        android:testOnly="true"
28        android:theme="@style/Theme.Anylearn2" >
28-->src\main\AndroidManifest.xml:12:9-47
29        <activity
29-->src\main\AndroidManifest.xml:14:9-16:40
30            android:name="ddwu.com.mobile.anylearn2.WithaiSelect"
30-->src\main\AndroidManifest.xml:15:13-41
31            android:exported="false" />
31-->src\main\AndroidManifest.xml:16:13-37
32        <activity
32-->src\main\AndroidManifest.xml:17:9-19:40
33            android:name="ddwu.com.mobile.anylearn2.WithaiLevel"
33-->src\main\AndroidManifest.xml:18:13-40
34            android:exported="false" />
34-->src\main\AndroidManifest.xml:19:13-37
35        <activity
35-->src\main\AndroidManifest.xml:20:9-22:40
36            android:name="ddwu.com.mobile.anylearn2.SignUp2"
36-->src\main\AndroidManifest.xml:21:13-36
37            android:exported="false" />
37-->src\main\AndroidManifest.xml:22:13-37
38        <activity
38-->src\main\AndroidManifest.xml:23:9-25:40
39            android:name="ddwu.com.mobile.anylearn2.SignUp1"
39-->src\main\AndroidManifest.xml:24:13-36
40            android:exported="false" />
40-->src\main\AndroidManifest.xml:25:13-37
41        <activity
41-->src\main\AndroidManifest.xml:26:9-28:40
42            android:name="ddwu.com.mobile.anylearn2.SignIn"
42-->src\main\AndroidManifest.xml:27:13-35
43            android:exported="false" />
43-->src\main\AndroidManifest.xml:28:13-37
44        <activity
44-->src\main\AndroidManifest.xml:29:9-31:40
45            android:name="ddwu.com.mobile.anylearn2.ScriptSaveChoice"
45-->src\main\AndroidManifest.xml:30:13-45
46            android:exported="false" />
46-->src\main\AndroidManifest.xml:31:13-37
47        <activity
47-->src\main\AndroidManifest.xml:32:9-34:40
48            android:name="ddwu.com.mobile.anylearn2.ScriptNameInput"
48-->src\main\AndroidManifest.xml:33:13-44
49            android:exported="false" />
49-->src\main\AndroidManifest.xml:34:13-37
50        <activity
50-->src\main\AndroidManifest.xml:35:9-37:40
51            android:name="ddwu.com.mobile.anylearn2.MyScriptList"
51-->src\main\AndroidManifest.xml:36:13-41
52            android:exported="false" />
52-->src\main\AndroidManifest.xml:37:13-37
53        <activity
53-->src\main\AndroidManifest.xml:38:9-40:40
54            android:name="ddwu.com.mobile.anylearn2.MyScript"
54-->src\main\AndroidManifest.xml:39:13-37
55            android:exported="false" />
55-->src\main\AndroidManifest.xml:40:13-37
56        <activity
56-->src\main\AndroidManifest.xml:41:9-43:40
57            android:name="ddwu.com.mobile.anylearn2.MyDiaryScript"
57-->src\main\AndroidManifest.xml:42:13-42
58            android:exported="false" />
58-->src\main\AndroidManifest.xml:43:13-37
59        <activity
59-->src\main\AndroidManifest.xml:44:9-46:40
60            android:name="ddwu.com.mobile.anylearn2.MyDiaryMain"
60-->src\main\AndroidManifest.xml:45:13-40
61            android:exported="false" />
61-->src\main\AndroidManifest.xml:46:13-37
62        <activity
62-->src\main\AndroidManifest.xml:47:9-49:40
63            android:name="ddwu.com.mobile.anylearn2.FirstSetting"
63-->src\main\AndroidManifest.xml:48:13-41
64            android:exported="false" />
64-->src\main\AndroidManifest.xml:49:13-37
65        <activity
65-->src\main\AndroidManifest.xml:50:9-58:20
66            android:name="ddwu.com.mobile.anylearn2.Anylearn"
66-->src\main\AndroidManifest.xml:51:13-37
67            android:exported="true" >
67-->src\main\AndroidManifest.xml:52:13-36
68            <intent-filter>
68-->src\main\AndroidManifest.xml:53:13-57:29
69                <action android:name="android.intent.action.MAIN" />
69-->src\main\AndroidManifest.xml:54:17-69
69-->src\main\AndroidManifest.xml:54:25-66
70
71                <category android:name="android.intent.category.LAUNCHER" />
71-->src\main\AndroidManifest.xml:56:17-77
71-->src\main\AndroidManifest.xml:56:27-74
72            </intent-filter>
73        </activity>
74        <activity
74-->src\main\AndroidManifest.xml:59:9-61:40
75            android:name="ddwu.com.mobile.anylearn2.DisplaySettingPage"
75-->src\main\AndroidManifest.xml:60:13-47
76            android:exported="false" />
76-->src\main\AndroidManifest.xml:61:13-37
77        <activity
77-->src\main\AndroidManifest.xml:62:9-64:40
78            android:name="ddwu.com.mobile.anylearn2.ModeSettingPage"
78-->src\main\AndroidManifest.xml:63:13-44
79            android:exported="false" />
79-->src\main\AndroidManifest.xml:64:13-37
80        <activity
80-->src\main\AndroidManifest.xml:65:9-67:40
81            android:name="ddwu.com.mobile.anylearn2.SoundSettingPage"
81-->src\main\AndroidManifest.xml:66:13-45
82            android:exported="false" />
82-->src\main\AndroidManifest.xml:67:13-37
83        <activity
83-->src\main\AndroidManifest.xml:68:9-70:40
84            android:name="ddwu.com.mobile.anylearn2.NotificationSettingPage"
84-->src\main\AndroidManifest.xml:69:13-52
85            android:exported="false" />
85-->src\main\AndroidManifest.xml:70:13-37
86        <activity
86-->src\main\AndroidManifest.xml:71:9-73:39
87            android:name="ddwu.com.mobile.anylearn2.AccountSettingPage"
87-->src\main\AndroidManifest.xml:72:13-47
88            android:exported="true" />
88-->src\main\AndroidManifest.xml:73:13-36
89        <activity
89-->src\main\AndroidManifest.xml:74:9-76:40
90            android:name="ddwu.com.mobile.anylearn2.SettingPage"
90-->src\main\AndroidManifest.xml:75:13-40
91            android:exported="false" />
91-->src\main\AndroidManifest.xml:76:13-37
92        <activity
92-->src\main\AndroidManifest.xml:77:9-80:20
93            android:name="ddwu.com.mobile.anylearn2.MainPage"
93-->src\main\AndroidManifest.xml:78:13-37
94            android:exported="false" >
94-->src\main\AndroidManifest.xml:79:13-37
95        </activity>
96        <activity
96-->src\main\AndroidManifest.xml:81:9-83:40
97            android:name="ddwu.com.mobile.anylearn2.MainActivity"
97-->src\main\AndroidManifest.xml:82:13-41
98            android:exported="false" />
98-->src\main\AndroidManifest.xml:83:13-37
99
100        <provider
100-->[androidx.emoji2:emoji2:1.2.0] AndroidManifest.xml:24:9-32:20
101            android:name="androidx.startup.InitializationProvider"
101-->[androidx.emoji2:emoji2:1.2.0] AndroidManifest.xml:25:13-67
102            android:authorities="ddwu.com.mobile.anylearn2.androidx-startup"
102-->[androidx.emoji2:emoji2:1.2.0] AndroidManifest.xml:26:13-68
103            android:exported="false" >
103-->[androidx.emoji2:emoji2:1.2.0] AndroidManifest.xml:27:13-37
104            <meta-data
104-->[androidx.emoji2:emoji2:1.2.0] AndroidManifest.xml:29:13-31:52
105                android:name="androidx.emoji2.text.EmojiCompatInitializer"
105-->[androidx.emoji2:emoji2:1.2.0] AndroidManifest.xml:30:17-75
106                android:value="androidx.startup" />
106-->[androidx.emoji2:emoji2:1.2.0] AndroidManifest.xml:31:17-49
107            <meta-data
107-->[androidx.lifecycle:lifecycle-process:2.4.1] AndroidManifest.xml:31:13-33:52
108                android:name="androidx.lifecycle.ProcessLifecycleInitializer"
108-->[androidx.lifecycle:lifecycle-process:2.4.1] AndroidManifest.xml:32:17-78
109                android:value="androidx.startup" />
109-->[androidx.lifecycle:lifecycle-process:2.4.1] AndroidManifest.xml:33:17-49
110        </provider>
111    </application>
112
113</manifest>